# JRE version: OpenJDK Runtime Environment Temurin-21.0.10+7 (21.0.10+7) (build 21.0.10+7-LTS)
# Java VM: OpenJDK 64-Bit Server VM Temurin-21.0.10+7 (21.0.10+7-LTS, mixed mode, sharing, tiered, compressed oops, compressed class ptrs, parallel gc, windows-amd64)
GC Precious Log:
 CardTable entry size: 512
 CPUs: 16 total, 16 available
 Memory: 7812M
 Large Page Support: Disabled
 NUMA Support: Disabled
 Compressed Oops: Enabled (32-bit)
 Alignments: Space 512K, Generation 512K, Heap 2M
 Heap Min Capacity: 100M
 Heap Initial Capacity: 100M
 Heap Max Capacity: 2G
 Pre-touch: Disabled
 Parallel Workers: 13
Heap:
 PSYoungGen      total 3072K, used 1375K [0x00000000d5580000, 0x00000000d5b80000, 0x0000000100000000)
  eden space 2560K, 42% used [0x00000000d5580000,0x00000000d568fe70,0x00000000d5800000)
  from space 512K, 56% used [0x00000000d5a80000,0x00000000d5ac8000,0x00000000d5b00000)
  to   space 512K, 0% used [0x00000000d5b00000,0x00000000d5b00000,0x00000000d5b80000)
 ParOldGen       total 793088K, used 662025K [0x0000000080000000, 0x00000000b0680000, 0x00000000d5580000)
  object space 793088K, 83% used [0x0000000080000000,0x00000000a86826f8,0x00000000b0680000)
 Metaspace       used 93704K, committed 95360K, reserved 1179648K
  class space    used 9569K, committed 10304K, reserved 1048576K
GC Heap History (20 events):
Event: 30362.545 GC heap before
{Heap before GC invocations=2799 (full 5):
 PSYoungGen      total 3072K, used 2848K [0x00000000d5580000, 0x00000000d5b80000, 0x0000000100000000)
  eden space 2560K, 100% used [0x00000000d5580000,0x00000000d5800000,0x00000000d5800000)
  from space 512K, 56% used [0x00000000d5a80000,0x00000000d5ac8000,0x00000000d5b00000)
  to   space 512K, 0% used [0x00000000d5b00000,0x00000000d5b00000,0x00000000d5b80000)
 ParOldGen       total 793088K, used 661929K [0x0000000080000000, 0x00000000b0680000, 0x00000000d5580000)
  object space 793088K, 83% used [0x0000000080000000,0x00000000a866a6f8,0x00000000b0680000)
 Metaspace       used 93614K, committed 95232K, reserved 1179648K
  class space    used 9561K, committed 10240K, reserved 1048576K
}
Event: 30362.546 GC heap after
{Heap after GC invocations=2799 (full 5):
 PSYoungGen      total 3072K, used 288K [0x00000000d5580000, 0x00000000d5b80000, 0x0000000100000000)
  eden space 2560K, 0% used [0x00000000d5580000,0x00000000d5580000,0x00000000d5800000)
  from space 512K, 56% used [0x00000000d5b00000,0x00000000d5b48000,0x00000000d5b80000)
  to   space 512K, 0% used [0x00000000d5a80000,0x00000000d5a80000,0x00000000d5b00000)
 ParOldGen       total 793088K, used 661929K [0x0000000080000000, 0x00000000b0680000, 0x00000000d5580000)
  object space 793088K, 83% used [0x0000000080000000,0x00000000a866a6f8,0x00000000b0680000)
 Metaspace       used 93614K, committed 95232K, reserved 1179648K
  class space    used 9561K, committed 10240K, reserved 1048576K
}
Event: 30362.591 GC heap before
{Heap before GC invocations=2800 (full 5):
 PSYoungGen      total 3072K, used 2848K [0x00000000d5580000, 0x00000000d5b80000, 0x0000000100000000)
  eden space 2560K, 100% used [0x00000000d5580000,0x00000000d5800000,0x00000000d5800000)
  from space 512K, 56% used [0x00000000d5b00000,0x00000000d5b48000,0x00000000d5b80000)
  to   space 512K, 0% used [0x00000000d5a80000,0x00000000d5a80000,0x00000000d5b00000)
 ParOldGen       total 793088K, used 661929K [0x0000000080000000, 0x00000000b0680000, 0x00000000d5580000)
  object space 793088K, 83% used [0x0000000080000000,0x00000000a866a6f8,0x00000000b0680000)
 Metaspace       used 93614K, committed 95232K, reserved 1179648K
  class space    used 9561K, committed 10240K, reserved 1048576K
}
Event: 30362.592 GC heap after
{Heap after GC invocations=2800 (full 5):
 PSYoungGen      total 3072K, used 224K [0x00000000d5580000, 0x00000000d5b80000, 0x0000000100000000)
  eden space 2560K, 0% used [0x00000000d5580000,0x00000000d5580000,0x00000000d5800000)
  from space 512K, 43% used [0x00000000d5a80000,0x00000000d5ab8000,0x00000000d5b00000)
  to   space 512K, 0% used [0x00000000d5b00000,0x00000000d5b00000,0x00000000d5b80000)
 ParOldGen       total 793088K, used 661929K [0x0000000080000000, 0x00000000b0680000, 0x00000000d5580000)
  object space 793088K, 83% used [0x0000000080000000,0x00000000a866a6f8,0x00000000b0680000)
 Metaspace       used 93614K, committed 95232K, reserved 1179648K
  class space    used 9561K, committed 10240K, reserved 1048576K
}
Event: 30362.636 GC heap before
{Heap before GC invocations=2801 (full 5):
 PSYoungGen      total 3072K, used 2784K [0x00000000d5580000, 0x00000000d5b80000, 0x0000000100000000)
  eden space 2560K, 100% used [0x00000000d5580000,0x00000000d5800000,0x00000000d5800000)
  from space 512K, 43% used [0x00000000d5a80000,0x00000000d5ab8000,0x00000000d5b00000)
  to   space 512K, 0% used [0x00000000d5b00000,0x00000000d5b00000,0x00000000d5b80000)
 ParOldGen       total 793088K, used 661929K [0x0000000080000000, 0x00000000b0680000, 0x00000000d5580000)
  object space 793088K, 83% used [0x0000000080000000,0x00000000a866a6f8,0x00000000b0680000)
 Metaspace       used 93614K, committed 95232K, reserved 1179648K
  class space    used 9561K, committed 10240K, reserved 1048576K
}
Event: 30362.637 GC heap after
{Heap after GC invocations=2801 (full 5):
 PSYoungGen      total 3072K, used 256K [0x00000000d5580000, 0x00000000d5b80000, 0x0000000100000000)
  eden space 2560K, 0% used [0x00000000d5580000,0x00000000d5580000,0x00000000d5800000)
  from space 512K, 50% used [0x00000000d5b00000,0x00000000d5b40000,0x00000000d5b80000)
  to   space 512K, 0% used [0x00000000d5a80000,0x00000000d5a80000,0x00000000d5b00000)
 ParOldGen       total 793088K, used 661929K [0x0000000080000000, 0x00000000b0680000, 0x00000000d5580000)
  object space 793088K, 83% used [0x0000000080000000,0x00000000a866a6f8,0x00000000b0680000)
 Metaspace       used 93614K, committed 95232K, reserved 1179648K
  class space    used 9561K, committed 10240K, reserved 1048576K
}
Event: 30362.680 GC heap before
{Heap before GC invocations=2802 (full 5):
 PSYoungGen      total 3072K, used 2816K [0x00000000d5580000, 0x00000000d5b80000, 0x0000000100000000)
  eden space 2560K, 100% used [0x00000000d5580000,0x00000000d5800000,0x00000000d5800000)
  from space 512K, 50% used [0x00000000d5b00000,0x00000000d5b40000,0x00000000d5b80000)
  to   space 512K, 0% used [0x00000000d5a80000,0x00000000d5a80000,0x00000000d5b00000)
 ParOldGen       total 793088K, used 661929K [0x0000000080000000, 0x00000000b0680000, 0x00000000d5580000)
  object space 793088K, 83% used [0x0000000080000000,0x00000000a866a6f8,0x00000000b0680000)
 Metaspace       used 93614K, committed 95232K, reserved 1179648K
  class space    used 9561K, committed 10240K, reserved 1048576K
}
Event: 30362.681 GC heap after
{Heap after GC invocations=2802 (full 5):
 PSYoungGen      total 3072K, used 256K [0x00000000d5580000, 0x00000000d5b80000, 0x0000000100000000)
  eden space 2560K, 0% used [0x00000000d5580000,0x00000000d5580000,0x00000000d5800000)
  from space 512K, 50% used [0x00000000d5a80000,0x00000000d5ac0000,0x00000000d5b00000)
  to   space 512K, 0% used [0x00000000d5b00000,0x00000000d5b00000,0x00000000d5b80000)
 ParOldGen       total 793088K, used 661937K [0x0000000080000000, 0x00000000b0680000, 0x00000000d5580000)
  object space 793088K, 83% used [0x0000000080000000,0x00000000a866c6f8,0x00000000b0680000)
 Metaspace       used 93614K, committed 95232K, reserved 1179648K
  class space    used 9561K, committed 10240K, reserved 1048576K
}
Event: 30754.613 GC heap before
{Heap before GC invocations=2803 (full 5):
 PSYoungGen      total 3072K, used 2815K [0x00000000d5580000, 0x00000000d5b80000, 0x0000000100000000)
  eden space 2560K, 99% used [0x00000000d5580000,0x00000000d57ffff8,0x00000000d5800000)
  from space 512K, 50% used [0x00000000d5a80000,0x00000000d5ac0000,0x00000000d5b00000)
  to   space 512K, 0% used [0x00000000d5b00000,0x00000000d5b00000,0x00000000d5b80000)
 ParOldGen       total 793088K, used 661937K [0x0000000080000000, 0x00000000b0680000, 0x00000000d5580000)
  object space 793088K, 83% used [0x0000000080000000,0x00000000a866c6f8,0x00000000b0680000)
 Metaspace       used 93618K, committed 95232K, reserved 1179648K
  class space    used 9561K, committed 10240K, reserved 1048576K
}
Event: 30754.700 GC heap after
{Heap after GC invocations=2803 (full 5):
 PSYoungGen      total 3072K, used 224K [0x00000000d5580000, 0x00000000d5b80000, 0x0000000100000000)
  eden space 2560K, 0% used [0x00000000d5580000,0x00000000d5580000,0x00000000d5800000)
  from space 512K, 43% used [0x00000000d5b00000,0x00000000d5b38000,0x00000000d5b80000)
  to   space 512K, 0% used [0x00000000d5a80000,0x00000000d5a80000,0x00000000d5b00000)
 ParOldGen       total 793088K, used 661945K [0x0000000080000000, 0x00000000b0680000, 0x00000000d5580000)
  object space 793088K, 83% used [0x0000000080000000,0x00000000a866e6f8,0x00000000b0680000)
 Metaspace       used 93618K, committed 95232K, reserved 1179648K
  class space    used 9561K, committed 10240K, reserved 1048576K
}
Event: 32096.953 GC heap before
{Heap before GC invocations=2804 (full 5):
 PSYoungGen      total 3072K, used 2784K [0x00000000d5580000, 0x00000000d5b80000, 0x0000000100000000)
  eden space 2560K, 100% used [0x00000000d5580000,0x00000000d5800000,0x00000000d5800000)
  from space 512K, 43% used [0x00000000d5b00000,0x00000000d5b38000,0x00000000d5b80000)
  to   space 512K, 0% used [0x00000000d5a80000,0x00000000d5a80000,0x00000000d5b00000)
 ParOldGen       total 793088K, used 661945K [0x0000000080000000, 0x00000000b0680000, 0x00000000d5580000)
  object space 793088K, 83% used [0x0000000080000000,0x00000000a866e6f8,0x00000000b0680000)
 Metaspace       used 93703K, committed 95360K, reserved 1179648K
  class space    used 9569K, committed 10304K, reserved 1048576K
}
Event: 32097.034 GC heap after
{Heap after GC invocations=2804 (full 5):
 PSYoungGen      total 3072K, used 384K [0x00000000d5580000, 0x00000000d5b80000, 0x0000000100000000)
  eden space 2560K, 0% used [0x00000000d5580000,0x00000000d5580000,0x00000000d5800000)
  from space 512K, 75% used [0x00000000d5a80000,0x00000000d5ae0000,0x00000000d5b00000)
  to   space 512K, 0% used [0x00000000d5b00000,0x00000000d5b00000,0x00000000d5b80000)
 ParOldGen       total 793088K, used 661953K [0x0000000080000000, 0x00000000b0680000, 0x00000000d5580000)
  object space 793088K, 83% used [0x0000000080000000,0x00000000a86706f8,0x00000000b0680000)
 Metaspace       used 93703K, committed 95360K, reserved 1179648K
  class space    used 9569K, committed 10304K, reserved 1048576K
}
Event: 32174.292 GC heap before
{Heap before GC invocations=2805 (full 5):
 PSYoungGen      total 3072K, used 2944K [0x00000000d5580000, 0x00000000d5b80000, 0x0000000100000000)
  eden space 2560K, 100% used [0x00000000d5580000,0x00000000d5800000,0x00000000d5800000)
  from space 512K, 75% used [0x00000000d5a80000,0x00000000d5ae0000,0x00000000d5b00000)
  to   space 512K, 0% used [0x00000000d5b00000,0x00000000d5b00000,0x00000000d5b80000)
 ParOldGen       total 793088K, used 661953K [0x0000000080000000, 0x00000000b0680000, 0x00000000d5580000)
  object space 793088K, 83% used [0x0000000080000000,0x00000000a86706f8,0x00000000b0680000)
 Metaspace       used 93704K, committed 95360K, reserved 1179648K
  class space    used 9569K, committed 10304K, reserved 1048576K
}
Event: 32174.346 GC heap after
{Heap after GC invocations=2805 (full 5):
 PSYoungGen      total 3072K, used 256K [0x00000000d5580000, 0x00000000d5b80000, 0x0000000100000000)
  eden space 2560K, 0% used [0x00000000d5580000,0x00000000d5580000,0x00000000d5800000)
  from space 512K, 50% used [0x00000000d5b00000,0x00000000d5b40000,0x00000000d5b80000)
  to   space 512K, 0% used [0x00000000d5a80000,0x00000000d5a80000,0x00000000d5b00000)
 ParOldGen       total 793088K, used 662009K [0x0000000080000000, 0x00000000b0680000, 0x00000000d5580000)
  object space 793088K, 83% used [0x0000000080000000,0x00000000a867e6f8,0x00000000b0680000)
 Metaspace       used 93704K, committed 95360K, reserved 1179648K
  class space    used 9569K, committed 10304K, reserved 1048576K
}
Event: 32398.970 GC heap before
{Heap before GC invocations=2806 (full 5):
 PSYoungGen      total 3072K, used 2816K [0x00000000d5580000, 0x00000000d5b80000, 0x0000000100000000)
  eden space 2560K, 100% used [0x00000000d5580000,0x00000000d5800000,0x00000000d5800000)
  from space 512K, 50% used [0x00000000d5b00000,0x00000000d5b40000,0x00000000d5b80000)
  to   space 512K, 0% used [0x00000000d5a80000,0x00000000d5a80000,0x00000000d5b00000)
 ParOldGen       total 793088K, used 662009K [0x0000000080000000, 0x00000000b0680000, 0x00000000d5580000)
  object space 793088K, 83% used [0x0000000080000000,0x00000000a867e6f8,0x00000000b0680000)
 Metaspace       used 93704K, committed 95360K, reserved 1179648K
  class space    used 9569K, committed 10304K, reserved 1048576K
}
Event: 32399.095 GC heap after
{Heap after GC invocations=2806 (full 5):
 PSYoungGen      total 3072K, used 384K [0x00000000d5580000, 0x00000000d5b80000, 0x0000000100000000)
  eden space 2560K, 0% used [0x00000000d5580000,0x00000000d5580000,0x00000000d5800000)
  from space 512K, 75% used [0x00000000d5a80000,0x00000000d5ae0000,0x00000000d5b00000)
  to   space 512K, 0% used [0x00000000d5b00000,0x00000000d5b00000,0x00000000d5b80000)
 ParOldGen       total 793088K, used 662009K [0x0000000080000000, 0x00000000b0680000, 0x00000000d5580000)
  object space 793088K, 83% used [0x0000000080000000,0x00000000a867e6f8,0x00000000b0680000)
 Metaspace       used 93704K, committed 95360K, reserved 1179648K
  class space    used 9569K, committed 10304K, reserved 1048576K
}
Event: 32722.170 GC heap before
{Heap before GC invocations=2807 (full 5):
 PSYoungGen      total 3072K, used 2944K [0x00000000d5580000, 0x00000000d5b80000, 0x0000000100000000)
  eden space 2560K, 100% used [0x00000000d5580000,0x00000000d5800000,0x00000000d5800000)
  from space 512K, 75% used [0x00000000d5a80000,0x00000000d5ae0000,0x00000000d5b00000)
  to   space 512K, 0% used [0x00000000d5b00000,0x00000000d5b00000,0x00000000d5b80000)
 ParOldGen       total 793088K, used 662009K [0x0000000080000000, 0x00000000b0680000, 0x00000000d5580000)
  object space 793088K, 83% used [0x0000000080000000,0x00000000a867e6f8,0x00000000b0680000)
 Metaspace       used 93704K, committed 95360K, reserved 1179648K
  class space    used 9569K, committed 10304K, reserved 1048576K
}
Event: 32722.277 GC heap after
{Heap after GC invocations=2807 (full 5):
 PSYoungGen      total 3072K, used 320K [0x00000000d5580000, 0x00000000d5b80000, 0x0000000100000000)
  eden space 2560K, 0% used [0x00000000d5580000,0x00000000d5580000,0x00000000d5800000)
  from space 512K, 62% used [0x00000000d5b00000,0x00000000d5b50000,0x00000000d5b80000)
  to   space 512K, 0% used [0x00000000d5a80000,0x00000000d5a80000,0x00000000d5b00000)
 ParOldGen       total 793088K, used 662009K [0x0000000080000000, 0x00000000b0680000, 0x00000000d5580000)
  object space 793088K, 83% used [0x0000000080000000,0x00000000a867e6f8,0x00000000b0680000)
 Metaspace       used 93704K, committed 95360K, reserved 1179648K
  class space    used 9569K, committed 10304K, reserved 1048576K
}
Event: 33467.616 GC heap before
{Heap before GC invocations=2808 (full 5):
 PSYoungGen      total 3072K, used 2880K [0x00000000d5580000, 0x00000000d5b80000, 0x0000000100000000)
  eden space 2560K, 100% used [0x00000000d5580000,0x00000000d5800000,0x00000000d5800000)
  from space 512K, 62% used [0x00000000d5b00000,0x00000000d5b50000,0x00000000d5b80000)
  to   space 512K, 0% used [0x00000000d5a80000,0x00000000d5a80000,0x00000000d5b00000)
 ParOldGen       total 793088K, used 662009K [0x0000000080000000, 0x00000000b0680000, 0x00000000d5580000)
  object space 793088K, 83% used [0x0000000080000000,0x00000000a867e6f8,0x00000000b0680000)
 Metaspace       used 93704K, committed 95360K, reserved 1179648K
  class space    used 9569K, committed 10304K, reserved 1048576K
}
Event: 33467.754 GC heap after
{Heap after GC invocations=2808 (full 5):
 PSYoungGen      total 3072K, used 288K [0x00000000d5580000, 0x00000000d5b80000, 0x0000000100000000)
  eden space 2560K, 0% used [0x00000000d5580000,0x00000000d5580000,0x00000000d5800000)
  from space 512K, 56% used [0x00000000d5a80000,0x00000000d5ac8000,0x00000000d5b00000)
  to   space 512K, 0% used [0x00000000d5b00000,0x00000000d5b00000,0x00000000d5b80000)
 ParOldGen       total 793088K, used 662025K [0x0000000080000000, 0x00000000b0680000, 0x00000000d5580000)
  object space 793088K, 83% used [0x0000000080000000,0x00000000a86826f8,0x00000000b0680000)
 Metaspace       used 93704K, committed 95360K, reserved 1179648K
  class space    used 9569K, committed 10304K, reserved 1048576K
}

